Search results:

    jquery git://github.com/components/jquery.git
    jquery-ui git://github.com/components/jqueryui
    jquery.cookie git://github.com/carhartl/jquery-cookie.git
    jquery-placeholder git://github.com/mathiasbynens/jquery-placeholder.git
    jquery-file-upload git://github.com/blueimp/jQuery-File-Upload.git
    jasmine-jquery git://github.com/velesin/jasmine-jquery
    jquery.ui git://github.com/jquery/jquery-ui.git
    jquery.scrollTo git://github.com/flesler/jquery.scrollTo.git
    jquery-migrate git://github.com/appleboy/jquery-migrate.git
    jquery.validation git://github.com/jzaefferer/jquery-validation.git
    jquery-waypoints git://github.com/imakewebthings/jquery-waypoints.git
    jquery-mousewheel git://github.com/brandonaaron/jquery-mousewheel.git
    jquery-pjax git://github.com/defunkt/jquery-pjax.git
    jquery-autosize git://github.com/jackmoore/autosize.git
    jquery.transit git://github.com/rstacruz/jquery.transit.git
    jquery-timeago git://github.com/rmm5t/jquery-timeago.git
    jquery-form git://github.com/malsup/form.git
    geonames-server-jquery-plugin git://github.com/alchemy-fr/GeonamesServer-jQuery-Plugin.git
    jquery.tools git://github.com/jquerytools/jquerytools.git
    chai-jquery git://github.com/chaijs/chai-jquery.git
    jquery.tablesorter git://github.com/Mottie/tablesorter.git
    jquery-mobile git://github.com/jquery/jquery-mobile.git
    jquery-bridget git://github.com/desandro/jquery-bridget.git
    jquery.sticky git://github.com/yatskevich/sticky.git
    jquery-mockjax git://github.com/appendto/jquery-mockjax
    jquery-masonry git://github.com/desandro/masonry
    jqueryui-touch-punch git://github.com/furf/jquery-ui-touch-punch.git
    jquery-easing git://github.com/danro/jquery-easing.git
    jquery-color git://github.com/jquery/jquery-color.git
    jquery-ui-touch-punch git://github.com/functino/jquery-ui-touch-punch.git
    jquery-galleria git://github.com/aino/galleria.git
    jquery.uniform git://github.com/pixelmatrix/uniform.git
    jquery.stellar git://github.com/markdalgleish/stellar.js.git
    jquery-serialize-object git://github.com/macek/jquery-serialize-object.git
    jquery-nicescroll git://github.com/inuyaksa/jquery.nicescroll.git
    jquery-hoverIntent git://github.com/briancherne/jquery-hoverIntent.git
    jquery-colorbox git://github.com/jackmoore/colorbox
    jquery.lazyload git://github.com/tuupola/jquery_lazyload.git
    jquery.complexify.js git://github.com/danpalmer/jquery.complexify.js.git
    jquery-minicolors git://github.com/claviska/jquery-minicolors.git
    jquery.form git://github.com/chiefy/form.git
    jquery.cycle git://github.com/kertal/cycle
    jquery-filedrop git://github.com/weixiyen/jquery-filedrop.git
    jqueryuibootstrap git://github.com/addyosmani/jquery-ui-bootstrap.git
    jquery-validation git://github.com/niftylettuce/jquery-validation.git
    jquery-ui-bootstrap git://github.com/gustavohenke/jquery-ui-bootstrap
    jquery.slimscroll git://github.com/rochal/jQuery-slimScroll/
    jquery-ujs git://github.com/rails/jquery-ujs.git
    jquery-transform git://github.com/louisremi/jquery.transform.js.git
    jquery.maskedinput git://github.com/gustavohenke/jquery.maskedinput
    jquery.watermark git://github.com/chiefy/jQuery-Watermark
    jquery-knob git://github.com/aterrien/jQuery-Knob
    cometd-js-jquery git://github.com/askarby/cometd-js-jquery
    jquery-touchswipe git://github.com/mattbryson/TouchSwipe-Jquery-Plugin.git
    jquery.tagsinput git://github.com/xoxco/jQuery-Tags-Input.git
    jquery-powertip git://github.com/stevenbenner/jquery-powertip.git
    jquery.placeholder git://github.com/matoilic/jquery.placeholder.git
    jquery-simple-slider git://github.com/loopj/jquery-simple-slider.git
    jquery.circular git://github.com/chikamichi/jquery.circular.git
    jquery.easing git://github.com/jozefizso/bower-jquery-easing.git
    jquery-ui-amd git://github.com/teambition/jquery-ui-amd.git
    jquery.smooth-scroll git://github.com/kswedberg/jquery-smooth-scroll.git
    jquery-tmpl git://github.com/jquery/jquery-tmpl.git
    jqjquery-wysibb git://github.com/wbb/WysiBB.git
    jquery-tiny-pubsub git://github.com/wixo/jquery-tiny-pubsub.git
    jquery.browser git://github.com/gabceb/jquery-browser-plugin.git
    jquery-backstretch git://github.com/srobbin/jquery-backstretch.git
    jquery-mobile-angular-adapter git://github.com/opitzconsulting/jquery-mobile-angular-adapter.git
    jquery-timepicker-jt git://github.com/jonthornton/jquery-timepicker.git
    jquery.expander git://github.com/kswedberg/jquery-expander.git
    embedly-jquery git://github.com/embedly/embedly-jquery.git
    jquery-idletimer git://github.com/mikesherov/jquery-idletimer.git
    jquery.payment git://github.com/stripe/jquery.payment.git
    jquery-modal git://github.com/kylefox/jquery-modal.git
    jquery-maskedinputs git://github.com/digitalBush/jquery.maskedinput.git
    jquery.animate-enhanced git://github.com/benbarnett/jQuery-Animate-Enhanced.git
    jquery-cycle2 git://github.com/malsup/cycle2.git
    jquery.inputmask git://github.com/RobinHerbots/jquery.inputmask.git
    jquery.jscrollpane git://github.com/blittle/jscrollpane.git
    jquery.localScroll git://github.com/flesler/jquery.localScroll.git
    jquery.throttle git://github.com/wangshijun2010/jquery.throttle.git
    jquery-simulate git://github.com/jquery/jquery-simulate.git
    jquery-md5 git://github.com/placemarker/jQuery-MD5
    jquery-autocomplete git://github.com/trendalytics/bower-jquery-autocomplete.git
    jquery.expanding-textareas git://github.com/kbrs/ExpandingTextareas.git
    jquery-resize git://github.com/cowboy/jquery-resize.git
    jquery-requestAnimationFrame git://github.com/gnarf37/jquery-requestAnimationFrame.git
    jquery-csv git://github.com/mirlord/jquery-csv
    jquery.easy-pie-chart git://github.com/rendro/easy-pie-chart.git
    jquery-sortable git://github.com/johnny/jquery-sortable.git
    jquery.scrollwatch git://github.com/cobbweb/jquery.scrollwatch.git
    jquery-selectboxit git://github.com/gfranko/jquery.selectBoxIt.js.git
    jquery.event.move git://github.com/stephband/jquery.event.move.git
    jquery-grill git://github.com/peterpajchl/jquery-grill.git
    jquery-drilldown git://github.com/Cinamonas/jquery-drilldown.git
    jquery.breakpoints git://github.com/xoxco/breakpoints.git
    wookmark-jquery git://github.com/GBKS/Wookmark-jQuery.git
    jquery.event.swipe git://github.com/stephband/jquery.event.swipe.git
    jquery-cycle git://github.com/malsup/cycle.git
    jquery-mobile-bower git://github.com/jobrapido/jquery-mobile-bower.git
    bacon.jquery git://github.com/baconjs/bacon.jquery
    jquery-dragndrop git://github.com/Cinamonas/jquery-dragndrop.git
    jquery-throttle-debounce git://github.com/cowboy/jquery-throttle-debounce.git
    jquery.atwho git://github.com/ichord/At.js.git
    jquery-address git://github.com/asual/jquery-address.git
    jquery-crop git://github.com/Cinamonas/jquery-crop.git
    jquery-simpleweather git://github.com/monkeecreate/jquery.simpleWeather
    jquery.event.drag-drop git://github.com/dextermilo/jquery.threedubmedia.git
    jquerypp git://github.com/bitovi/jquerypp.git
    jquery.atmosphere git://github.com/blittle/atmosphere.git
    jquery.autoellipsis git://github.com/pvdspek/jquery.autoellipsis.git
    jquery.customSelect git://github.com/adamcoulombe/jquery.customSelect.git
    jquery.serialScroll git://github.com/flesler/jquery.serialScroll.git
    jquery-deparam git://github.com/AceMetrix/jquery-deparam.git
    jquery-dotdotdot git://github.com/FrDH/jQuery.dotdotdot.git
    jquery.flip git://github.com/roncioso/Flip-jQuery.git
    jquery.layout git://github.com/jlbfalcao/jquery.layout.git
    spinjs-jquery git://gist.github.com/1290439.git
    jquery-modality git://github.com/Cinamonas/jquery-modality.git
    jqueryjs git://github.com/bowerjs/jquery.git
    jquery-zclip git://github.com/patricklodder/jquery-zclip.git
    jqueryui-amd git://github.com/jrburke/jqueryui-amd.git
    jquery-ellipsis git://github.com/STAR-ZERO/jquery-ellipsis.git
    jquery-ias git://github.com/webcreate/infinite-ajax-scroll
    jquery-dragpan git://github.com/lgoldstien/jquery-dragpan.git
    jquery-ui-touch-punch-amd git://github.com/GeneralElectric/jquery-ui-touch-punch.git
    jquery.hotkeys git://github.com/tzuryby/jquery.hotkeys.git
    jquery-whenall git://github.com/soundcloud/jquery-whenall
    jquery-hashchange git://github.com/cowboy/jquery-hashchange.git
    jquery-jsonp git://github.com/jaubourg/jquery-jsonp.git
    jquery-pop git://github.com/Cinamonas/jquery-pop.git
    cometd-javascript-jquery git://github.com/marksherretta/cometd-javascript-jquery.git
    jquery-icheck git://github.com/fronteed/iCheck.git
    jquery.dotdotdot git://github.com/BeSite/jQuery.dotdotdot.git
    angular-jquery git://github.com/mgcrea/angular-jquery.git
    jquery-cookie git://github.com/carhartl/jquery-cookie.git
    jquery2 git://github.com/iki/jquery2.git
    jquery-bgiframe git://github.com/brandonaaron/bgiframe.git
    jquery.serializeJSON git://github.com/marioizquierdo/jquery.serializeJSON.git
    jquery-easyxdm git://github.com/GyldendalDigital/jQuery-easyXDM.git
    jquery-validation.password git://github.com/jzaefferer/jquery-validation.password.git
    jquery-timepicker git://github.com/fgelinas/timepicker.git
    jquery-rotate git://github.com/schickling/jquery-rotate
    jquery.colorpicker git://github.com/vanderlee/colorpicker
    jquery-caret git://github.com/DrPheltRight/jquery-caret.git
    jquery.svg git://github.com/apendleton/jquery-svg.git
    jquery-bbq-deparam git://github.com/nexxTM/jquery-deparam.git
    jquery.tinymce git://github.com/rsilve/jquery.tinymce.git
    jquery-htmlclean git://github.com/components/jquery-htmlclean.git
    jquery-dropdown git://github.com/claviska/jquery-dropdown.git
    jquery-Mustache git://github.com/jonnyreeves/jquery-Mustache.git
    jquery.panzoom git://github.com/timmywil/jquery.panzoom.git
    jquery-metadata git://github.com/jquery/jquery-metadata
    jqueryui git://github.com/components/jqueryui.git
    jquery-bootstrap-scripting git://github.com/Nikku/jquery-bootstrap-scripting.git
    jquery-nod git://github.com/casperin/nod.git
    jquery-truncate git://github.com/pathable/truncate.git
    jquery-linkify git://github.com/maranomynet/linkify.git
    stupid-jquery-table-sort git://github.com/joequery/Stupid-Table-Plugin.git
    jquery.fixedheadertable git://github.com/markmalek/Fixed-Header-Table.git
    jquery-image-uploader git://github.com/jdeniau/jquery-image-uploader.git
    jquery-cardify git://github.com/mverhaagen/cardify.git
    jquery-number git://github.com/teamdf/jquery-number
    jquery-serializeObject git://github.com/gillesruppert/jquery-serializeObject
    jquery.livequery git://github.com/hazzik/livequery.git
    jquery-zoom git://github.com/jackmoore/zoom.git
    jquery-overscroll git://github.com/azoff/Overscroll
    jquery-oauthpopup git://github.com/MfgLabs/jquery-oauthpopup.git
    jquery-mmenu git://github.com/jackncoke/jquery-mmenu.git
    jquery.spinjs git://github.com/tdoherty/jQuery.SpinJS.git
    jquery.iecors git://github.com/dkastner/jquery.iecors
    jquery.bind-first git://github.com/private-face/jquery.bind-first.git
    jquery-serializeForm git://github.com/danheberden/jquery-serializeForm
    jquery-multiselect git://github.com/dio-el-claire/jquery-multiselect
    jquery.formParams git://github.com/tinganho/jquery.formParams
    jquery.dform git://github.com/daffl/jquery.dform.git
    requirejs-jquery git://github.com/jrburke/require-jquery.git
    jquery-prestige git://github.com/Munter/jquery-prestige.git
    jquery.unslider git://github.com/idiot/unslider.git
    jquery-dragon git://github.com/jeremyckahn/dragon.git
    jquery.videobackground git://github.com/georgepaterson/jquery-videobackground.git
    jquery.shuffle git://github.com/caphun/jquery.shuffle.git
    jquery-browser-selector git://github.com/schickling/jquery-browser-selector
    jquery-ui-ember git://github.com/bobey/jquery-ui-ember.git
    dt-jquery2 git://github.com/dt-bower/dt-jquery.git
    jquery_jeditable git://github.com/chilijung/jquery_jeditable.git
    jquery-nearest git://github.com/gilmoreorless/jquery-nearest.git
    jquery-popover git://github.com/klaas4/jQuery.popover.git
    jquery-mobile-events git://github.com/caseywebdev/jquery-mobile-events
    jquery-placeholder2 git://github.com/jgallen23/jquery-placeholder.git
    jakobmattsson-jquery-elastic git://github.com/jakobmattsson/jquery-elastic
    jqueryui-sunrise-bower git://github.com/Victa/jqueryui-sunrise-bower.git
    jquery.columnizer git://github.com/adamwulf/Columnizer-jQuery-Plugin.git
    jquery-dropout-menu git://github.com/psirenny/jquery-dropout-menu.git
    jquery-smooth-scrolling git://github.com/mathiasbynens/jquery-smooth-scrolling.git
    jquery.equalheights git://github.com/mattbanks/jQuery.equalHeights.git
    jquery-mobile-min git://github.com/dimsk/jquery-mobile
    jquery-outside-events git://github.com/cowboy/jquery-outside-events/
    jquery-selectorator git://github.com/ngs/jquery-selectorator.git
    jquery-extended-selectors git://github.com/keithclark/JQuery-Extended-Selectors.git
    jquery-hammerjs git://github.com/EightMedia/jquery.hammer.js.git
    jquery.visible git://github.com/teamdf/jquery-visible.git
    troopjs-jquery git://github.com/troopjs/troopjs-jquery.git
    jquery-elementDiff git://github.com/ngs/jquery-elementDiff.git
    jquery.scrollorama git://github.com/johnpolacek/scrollorama.git
    jquery-details git://github.com/mathiasbynens/jquery-details.git
    jquery.autotab git://github.com/map7/jquery.autotab
    bootstrap-jquery-tags git://github.com/sunliwen/bootstrap-jquery-tags.git
    zepto-as-jquery git://github.com/pleasedontbelong/zepto.git
    jqueryui-selectmenu git://github.com/pixeldrew/jqueryui-selectmenu.git
    buster-jquery-assertions git://github.com/blittle/buster-jquery-assertions.git
    jquery-allAttributes git://github.com/ngs/jquery-allAttributes.git
    jquery.socialshareprivacy git://github.com/patrickheck/socialshareprivacy.git
    jquery.center.js git://github.com/bebraw/jquery.center.js
    jquery.formstyler git://github.com/Dimox/formStyler.git
    jquery-impromptu git://github.com/trentrichardson/jQuery-Impromptu.git
    jquery.videoBG git://github.com/sydlawrence/jquery.videoBG.git
    jquery-local-storage git://github.com/bradberger/jquery-local-storage.git
    jquery-dropkick git://github.com/JamieLottering/DropKick.git
    jquery.mosaicflow git://github.com/sapegin/jquery.mosaicflow
    rxjs-jquery git://github.com/Reactive-Extensions/rxjs-jquery
    jquery-once git://github.com/RobLoach/jquery-once.git
    jquery-toggles git://github.com/simontabor/jquery-toggles.git
    jquery.backgroundSize git://github.com/louisremi/jquery.backgroundSize.js.git
    jquery.query.js git://github.com/plasticine/jquery.query.js.git
    jquery.avgrund git://github.com/voronianski/jquery.avgrund.js.git
    jquery.fileDownload git://github.com/maxmert/jquery.fileDownload
    jquery.terminal git://github.com/jcubic/jquery.terminal.git
    jquery-marcopolo git://github.com/jstayton/jquery-marcopolo
    jquery-timepicker-addon git://github.com/iamdenny/jQuery-Timepicker-Addon.git
    jquery-icbiacontrol git://github.com/matthewwithanm/jquery-icbiacontrol.git
    jquery.customInput git://github.com/bmatzner/jQuery-Custom-Input.git
    jquery-reveal git://github.com/VitalikL/reveal.git
    jquery-qrcode git://github.com/gcusnieux/jquery-qrcode.git
    jquery-transition git://github.com/peteboere/jquery-transition.git
    jquery-maskmoney git://github.com/plentz/jquery-maskmoney
    jquery.BlackAndWhite git://github.com/GianlucaGuarini/jQuery.BlackAndWhite.git
    jquery.metadata git://github.com/jquery-orphans/jquery-metadata.git
    jquery-localize git://github.com/davidchambers/jQuery.localize.git
    jquery.pep git://github.com/briangonzalez/jquery.pep.js.git
    bolster.jquerypp git://github.com/bolster/jquerypp.git
    jquery.herotabs git://github.com/simonsmith/jquery.herotabs.git
    paul-irish-jquery-unique-duck-punching git://github.com/gnutix/paul-irish-jquery-unique-function-duck-punching.git
    jquery-messages git://github.com/yola/jquery-messages.git
    brandon-aaron-jquery-outerhtml-function git://github.com/brandonaaron/jquery-outerhtml.git
    iframe-auto-height-jquery-plugin git://github.com/Sly777/Iframe-Height-Jquery-Plugin
    jquery.rdio git://github.com/rdio/jquery.rdio.js.git
    jquery-highlight git://github.com/knownasilya/jquery-highlight
    jquery-rdfquery git://github.com/components/jquery-rdfquery.git
    jquery.qrcode git://github.com/lrsjng/jQuery.qrcode.git
    zepto-replace-jquery git://github.com/iki/zepto-replace-jquery.git
    jquery.ajax.fake git://github.com/anasnakawa/jquery.ajax.fake.git
    jquery-selectBox git://github.com/marcj/jquery-selectBox.git
    jquery-popunder git://github.com/hpbuniat/jquery-popunder.git
    jquery-leanmodal git://github.com/FinelySliced/leanModal.js.git
    jquery-browser-detection git://github.com/schickling/jquery-browser-detection
    jquery.minlight git://github.com/timmywil/jquery.minlight.git
    jquery-grab-bag git://github.com/panayi/jquery-grab-bag.git
    jquery.extendedinput.js git://github.com/Wolfr/jquery.extendedinput.git
    jquery-textrange git://github.com/dwieeb/jquery-textrange.git
    jquery-visibility git://github.com/mathiasbynens/jquery-visibility.git
    jquery-imagefit-plugin git://github.com/cbulock/jquery-imagefit-plugin.git
    inline-svg.jquery.js git://github.com/jswinarton/inline-svg.jquery.js.git
    jquery.couch git://github.com/vkurchatkin/jquery.couch
    jskit-jquery git://github.com/kctang/jskit-jquery.git
    jquery-dropkick2 git://github.com/changalberto/DropKick
    jquery.finger git://github.com/ngryman/jquery.finger
    jquery.superscrollorama git://github.com/johnpolacek/superscrollorama
    jquery-ui-touch-punch-dynamic git://github.com/wmill/jquery-ui-touch-punch.git
    jquery.autocomplete git://github.com/julien-c/jQueryAutocompletePlugin.git
    bacon-jquery-bindings git://github.com/raimohanska/bacon-jquery-bindings
    jquery-textext git://github.com/alexgorbatchev/jquery-textext.git
    jquery-total-storage git://github.com/jarednova/jquery-total-storage.git
    jquery-ui-touch-punch-working git://github.com/yeco/jquery-ui-touch-punch.git
    jquery-relativeTime git://github.com/hiromitz/jquery-relativeTime.git
    jquery-simple-touch git://github.com/marcol/jquery-touch.git
    jquery.taboverride git://github.com/wjbryant/jquery.taboverride
    jquery.shapeshift git://github.com/McPants/jquery.shapeshift.git
    jquery.TubePlayer git://github.com/nirvanatikku/jQuery-TubePlayer-Plugin.git
    jquery.loadmask.spin git://github.com/iloveitaly/jquery.loadmask.spin.git
    jquery.retina git://github.com/iloveitaly/jQuery-Retina-Display-Plugin.git
    ember-auth-request-jquery git://github.com/heartsentwined/ember-auth-request-jquery.git
    jquery-fittext git://github.com/DevOctopus/FitText.js.git
    jquery-tiptip git://github.com/drewwilson/TipTip.git
    jquery-zeroclipboard git://github.com/balsamiq/jquery-zeroclipboard.git
    jquery.mobilemenu git://github.com/mattkersley/Responsive-Menu.git
    jquery-stylesheet git://github.com/f0r4y312/jquery-stylesheet.git
    jquery-mobile-reset git://github.com/bhurlow/jqmobile-reset.git
    jquery-ui.daterange git://github.com/layerssss/jquery-ui.daterange.git
    jqueryui-timepicker-addon git://github.com/trentrichardson/jQuery-Timepicker-Addon.git
    jquery.ui.global-datepicker git://github.com/hogata/jquery.ui.global-datepicker
    jquery-async git://github.com/panayi/jquery-async.git
    jquery.pulsate git://github.com/Kilian/jQuery.pulsate.git
    jquery-boilerplate git://github.com/jquery-boilerplate/jquery-boilerplate
    jquery-csspick git://github.com/oscarlgz/jquery-csspick.git
    stacknav.jquery.js git://github.com/EtienneDion/stacknav.jquery.js.git
    quicksandpaginated.jquery.js git://github.com/EtienneDion/quicksandpaginated.jquery.js.git
    jquery.gritter git://github.com/jboesch/Gritter.git
    jquery-html5-placeholder-shim git://github.com/parndt/jquery-html5-placeholder-shim.git
    jquery.textareaAutogrow git://github.com/Fleshgrinder/jquery.textareaAutogrow.git
    jquery-dragEvents git://github.com/icholy/dragEvents.jq.js.git
    jquery.iconfield git://github.com/yotamofek/jquery.iconfield.git
    jquery-scrollspy git://github.com/sxalexander/jquery-scrollspy.git
    jqueryui-touch-punch-improved git://github.com/Bantam/jquery-ui-touch-punch-improved.git
    jquery-flexigrid git://github.com/iamdenny/Flexigrid.git
    jquery-indexeddb git://github.com/axemclion/jquery-indexeddb.git
    jquery-i18n git://github.com/recurser/jquery-i18n.git
    jquery.neotabs.js git://github.com/PascalPrecht/jquery.neotabs.js
    jquery.tube git://github.com/inukshuk/jquery.tube.js.git
    jquery-tags-input git://github.com/xoxco/jQuery-Tags-Input.git
    jquery-joyride git://github.com/zurb/joyride.git
    jquery.slideShow git://github.com/appleboy/jquery.slideShow.git
    jquery.fullscreenBackground git://github.com/Gaya/Fullscreen-Background-jQuery-plugin.git
    jquery-switchbox git://github.com/Padam87/jquery-switchbox.git
    jquery.fileapi git://github.com/RubaXa/jquery.fileapi.git
    jquery-sieve git://github.com/rmm5t/jquery-sieve.git
    jquery.ut-image-panel git://github.com/urturn/jquery.ut-image-panel.git
    jquery-tinytimer git://github.com/odyniec/jQuery-tinyTimer.git
    jquery.theCombo.js git://github.com/lagden/theCombo.git
    jquery-filterer git://github.com/joelcox/jquery-filterer.git
    jquery-simplecolorpicker git://github.com/tkrotoff/jquery-simplecolorpicker.git
    jquery-dotimeout git://github.com/cowboy/jquery-dotimeout.git
    jquery.trueresize git://github.com/jfroffice/jquery.trueresize.git
    jquery-keyfilter git://github.com/akzhan/jquery-keyfilter.git
    jquery.fracs git://github.com/lrsjng/jQuery.fracs.git
    jquery-manifest git://github.com/jstayton/jquery-manifest
    jquery-slider git://github.com/7LI/jQuery-slider.git
    jquery.three git://github.com/makesites/jquery-three.git
    jquery-nested git://github.com/distracteddev/Nested.git
    jquery.loadfeed git://github.com/choage/jQuery.loadFeed.git
    distrib-jquery-ui git://github.com/henrytrager/distrib-jquery-ui.git
    jquery.treeview git://github.com/galileo-press/jquery-treeview.git
    jquery-ajax-progress git://github.com/englercj/jquery-ajax-progress.git
    jquery.mousestop git://github.com/galileo-press/jquery-mousestop-event.git
    jquery-queue git://github.com/joeybaker/jquery-queue.git
    easyfacebook.jquery.js git://github.com/EtienneDion/easyfacebook.jquery.js.git
    jquery.rest git://github.com/jpillora/jquery.rest/
    jquery.tocify.js git://github.com/gfranko/jquery.tocify.js.git
    jquery.masonry git://github.com/tysoncadenhead/masonry.git
    jquery.hoverIntent git://github.com/LeMisterV/jquery.hoverintent.git
    jquery.rule git://github.com/flesler/jquery.rule
    jquery.formatDateTime git://github.com/agschwender/jquery.formatDateTime.git
    jquery.toc git://github.com/ndabas/toc
    jquery.tinynav git://github.com/sch/TinyNav.js.git
    jquery.onepage-scroll git://github.com/polem/onepage-scroll.git
    jquery.decodeEntities git://github.com/michael-lawrence/jquery.decodeEntities.git
    jquery.onescroll git://github.com/kahwee/onescroll.git
    jquery-accessible-tabs git://github.com/ginader/Accessible-Tabs.git
    jquery-hidden-height git://github.com/schickling/jquery-hidden-height
    jquery.sidebar git://github.com/sideroad/jquery.sidebar.git
    jquery-inputevent git://github.com/dodo/jquery-inputevent.git
    jquery-fitmaps git://github.com/suderman/jquery.fitmaps.git
    jquery-slugify git://github.com/madflow/jquery-slugify.git
    jquery-meiomask git://github.com/fabiomcosta/jquery-meiomask
    jquery.iframe-transport git://github.com/cmlenz/jquery-iframe-transport.git
    jquery-ajaxmask git://github.com/kevbook/jquery-ajaxmask.git
    jquery.sparkline git://github.com/gwatts/jquery.sparkline.git
    atmosphere-jquery git://github.com/lytup/atmosphere-jquery.git
    jquery-appendix git://github.com/michaldudek/jQuery-Appendix.git
    jquery-raptorize-coffee git://github.com/mcoms/jquery-raptorize-coffee.git
    jquery-store git://github.com/medialize/jQuery-store.git
    jquery.tokko.js git://github.com/bebraw/jquery.tokko.js
    jquery.contenteditable git://github.com/makesites/jquery-contenteditable.git
    jquery.classList git://github.com/mzgol/jquery.classList.git
    jquery-skim git://github.com/vormplus/jQuery-Skim.git
    jquery.ut-sticker git://github.com/urturn/jquery.ut-sticker.git
    jquery.ezmodal.js git://github.com/MailOnline/jquery.ezmodal.js.git
    jquery-popupwindow git://github.com/mkdynamic/jquery-popupwindow.git
    jquery-validation-tooltips git://github.com/simshaun/jquery-validation-tooltips.git
    jquery-error git://github.com/MGDIS/mg.jquery.plugin.error.git
    jquery-placeholderText git://github.com/kitajchuk/jquery-placeholderText.git
    jquery.hurl git://github.com/makesites/jquery-hurl.git
    jquery-fittext.js git://github.com/davatron5000/FitText.js
    jquery.outbound-analytics git://github.com/gmurphey/jquery.outbound-analytics
    jquery-simple-datetimepicker git://github.com/mugifly/jquery-simple-datetimepicker.git
    jquery-textfill-try git://github.com/jquery-textfill/jquery-textfill.git
    jquery.loadHtml git://github.com/anasnakawa/jquery.loadHtml.git
    jquery.spriteAnimation git://github.com/gunderson/jquery.spriteAnimation.git
    jquery-combobox git://github.com/jslayer/jquery-combobox.git
    jquery.pub-sub-validate git://github.com/wixo/jquery.pub-sub-validate.git
    jquery-ui-touch-punch-improved git://github.com/Bantam/jquery-ui-touch-punch-improved.git
    jquery.combine git://github.com/seriema/jquery.combine.git
    jquery-esthetic git://github.com/johannestroeger/bower-jquery-esthetic.git
    jquery-interdependencies git://github.com/miohtama/jquery-interdependencies.git
    jquery-sheetrock git://github.com/chriszarate/sheetrock
    jquery-xmlrpc git://github.com/timheap/jquery-xmlrpc.git
    jquery.accordion git://github.com/matoilic/jquery.accordion.git
    jquery.nprogress git://github.com/pulilab/nprogress.git
    jquery.tipFiveThree git://github.com/gocom/jquery.tipfivethree.git
    jquery.simple-carousel git://github.com/marcosmlopes/simple-carousel.git
    jquery-treetable git://github.com/ludo/jquery-treetable.git
    jquery-loader-plugin git://github.com/mimiz/jquery-loader-plugin.git
    jquery-simple-accordion git://github.com/asotog88/jquery-simple-accordion.git
    jquery-loader git://github.com/monkeymonk/jquery.loader.js.git
    jquery-twzipcode git://github.com/appleboy/jquery-twzipcode.git
    jquery-bem git://github.com/hoho/jquery-bem.git
    jquery.foobar git://github.com/makesites/jquery-foobar.git
    jquery-databind git://github.com/heruan/jquery-databind.git
    jquery-snappish git://github.com/philippbosch/jquery-snappish.git
    jquery-reel git://github.com/pisi/Reel.git
    jquery.pwstrength git://github.com/matoilic/jquery.pwstrength.git
    jquery.periodical.ajax git://github.com/rscarvalho/periodicalAjax.git
    jqueryservice git://github.com/stephenway/jquery-service.git
    jquery.editable git://github.com/shokai/jQuery.editable.git
    jquery-lineup git://github.com/mach3/jquery-lineup
    jquery-ajax-goodies git://github.com/fantactuka/jquery-ajax-goodies.git
    jquery.fly git://github.com/matjaz/jquery.fly.git
    jquery-geolocation git://github.com/manuelbieh/jQuery-Geolocation.git
    jquery-instagram git://github.com/potomak/jquery-instagram.git
    jquery.ovoplayer git://github.com/appleboy/js-video-player
    jquery-styledform git://github.com/jaitsu87/jQuery-StyledForm
    jquery.checkalize git://github.com/unfold/jquery.checkalize
    jquery-touchslider git://github.com/lusever/TouchSlider.git
    jquery.jscroll git://github.com/pklauzinski/jscroll.git
    jquery-m git://github.com/meetup/jquery.git
    distrib-jquery-mobile git://github.com/henrytrager/distrib-jquery-mobile.git
    jquery-class git://github.com/iamdenny/jquery-class.git
    jquery-gholiday git://github.com/chris4403/gholiday.git
    sdi-jquery-ui git://github.com/sdicgdev/jquery-ui.git
    jquery.selectalize git://github.com/unfold/jquery.selectalize
    jquery-scroll-into-view git://github.com/Arwid/jQuery.scrollIntoView.git
    jquery.splitter git://github.com/jcubic/jquery.splitter.git
    jquery.backbone.hijax git://github.com/michael-lawrence/jquery.backbone.hijax.git
    jqueryp git://github.com/Ensighten/jqueryp.git
    jquery-prettyPhoto git://github.com/scaron/prettyphoto.git
    jquery.imageFallback git://github.com/michael-lawrence/jquery.imageFallback.git
    jquery.existence git://github.com/seriema/jquery.existence.git
    jquery-paginator git://github.com/dozoisch/paginator.git
    jquery.observe_field git://github.com/splendeo/jquery.observe_field.git
    jquery-tinyscroller git://github.com/Takazudo/jQuery.tinyscroller.git
    jquery-tokeninput git://github.com/loopj/jquery-tokeninput.git
    jquery.reverse git://github.com/michael-lawrence/jquery.reverse.git
    jquery.toolbar git://github.com/paulkinzett/toolbar.git
    jquery.ui.montjquery.ui.monthpicker git://github.com/thebrowser/jquery.ui.monthpicker.git
    jquery.popupwindow git://github.com/ixmatus/jquery-popupwindow
    jquery.pluginTemplate git://github.com/michael-lawrence/jquery.pluginTemplate.git
    jquery-postmessage git://github.com/cowboy/jquery-postmessage.git
    strictjquery git://github.com/devinrhode2/StrictjQuery.js.git
    jquery-colander git://github.com/ixmatus/jquery-colander.git
    jquery.timers git://github.com/patryk/jquery.timers.git
    jquery-maptack git://github.com/jimmyhillis/jquery-maptack
    jquery.slidawall git://github.com/makesites/jquery-slidawall.git
    jquery-image-resize git://github.com/adeelejaz/jquery-image-resize.git
    jquery.render git://github.com/sideroad/jquery.render.git
    jquery-shorten git://github.com/MarcDiethelm/jQuery-Shorten.git
    jquery.fitToParent git://github.com/GianlucaGuarini/jquery-fitToParent.git
    jquery-icon-insert git://github.com/stephenway/jquery-icon-insert.git
    jquery.replaceEntities git://github.com/michael-lawrence/jquery.replaceEntities.git
    jquery.removeClassWithPrefix git://github.com/michael-lawrence/jquery.removeClassWithPrefix.git
    jquery-css3-ease git://github.com/robdodson/jquery-css3-ease.git
    jquery.floatingmessage git://github.com/sideroad/jquery.floatingmessage.git
    jquery.simulate git://github.com/j-ulrich/jquery-simulate-ext.git
    jquery-validation-chi git://github.com/chilijung/jquery-validation.git/
    jquery-bookmarklet git://github.com/dschep/jQuery-Bookmarklet.git
    webapps-bower-jquery-ui git://github.com/xl8/webapps-bower-jquery-ui.git
    jquery-watcher git://github.com/jacobrelkin/jquery-watcher.git
    jquery-console git://github.com/chrisdone/jquery-console.git
    jquery.html5Loader git://github.com/GianlucaGuarini/jquery.html5loader.git
    jquery.syncHeight git://github.com/ginader/syncHeight.git
    jquery-markup git://github.com/rse/jquery-markup.git
    jquery-smoothscroll git://github.com/predefined/jquery-smoothscroll.git
    jquery.floatThead git://github.com/mkoryak/floatThead.git
    jquery-mobile-iscrollview-amd git://github.com/marcorinck/jquery-mobile-iscrollview.git
    jquery.animateText git://github.com/gunderson/jquery.animateText.git
    jquery.slidescroll git://github.com/pichfl/jquery.slidescroll.git
    jquery-rss git://github.com/sdepold/jquery-rss.git
    jquery-seeThru git://github.com/m90/jquery-seeThru.git
    jquery.simple-slideshow git://github.com/marcosmlopes/simple-slideshow.git
    jquery.hammer.scroll git://github.com/dmmn/jquery.hammer.scroll.git
    jquery-pluginloader git://github.com/eirikurn/jquery-pluginloader.git
    jquery-tipr git://github.com/geniusio/jquery-tipr.git
    jquery-cacheimage git://github.com/alexrabarts/jquery-cacheimage.git
    jquery-cubelet git://github.com/jeremyckahn/cubelet.git
    jquery-platformselector git://github.com/alexrabarts/jquery-platformselector.git
    jquery-readingtime git://github.com/paulozoom/jquery-readingtime.git
    jqueryui-l2l git://github.com/krampstudio/jquerui-l2l.git
    jquery.image-crop git://github.com/wangshijun2010/simple-image-crop.git
    jquery-render-tweets git://github.com/posco2k8/jquery-render-tweets.git
    jquery.gmap git://github.com/fridek/gmap.git
    jquery-newwindow git://github.com/alexrabarts/jquery-newwindow.git
    jquery-scrolldeck git://github.com/johnpolacek/scrolldeck.js.git
    jquery-equalheights git://github.com/cviebrock/jquery-equalheights.git
    jquery.jslider git://github.com/iamdenny/jslider.git
    jquery.filestyle git://github.com/tuupola/jquery_filestyle.git
    jquery-power-plugin git://github.com/3den/jquery-power-plugin.git
    jquery-oninput git://github.com/mathiasbynens/jquery-oninput.git
    jquery-noselect git://github.com/mathiasbynens/jquery-noselect.git
    jquery-pointerevents git://github.com/deepsweet/jquery-pointerevents.git
    jquery.wait git://github.com/madbook/jquery.wait.git
    jquery-py git://github.com/seandong/jquery-py.git
    jquery.backgroundcover git://github.com/iwyg/jquery.backgroundcover.git
    jquery.validate.personnummer git://github.com/wallin/jquery-validate-personnummer.git
    jquery.domhooks git://github.com/dwightjack/domhooks.git
    jquery.jqprint git://github.com/tanathos/jquery.jqprint.git
    jquery-maskedinputs-fork git://github.com/sergiovilar/jquery.maskedinput.git
    jquery.simple-autosuggest git://github.com/marcosmlopes/simple-autosuggest.git
    eduardocasas-jquery.filestyle git://github.com/eduardocasas/jquery_filestyle.git
    jquery-xdr git://github.com/redbadger/jquery-xdr.git
    jquery.uploader git://github.com/baslr/bower-jquery.uploader.git
    jquery-evergreen git://github.com/webpro/jquery-evergreen.git
    jquery-autogrow git://github.com/rkivalin/jquery-autogrow.git
    jquery.impression git://github.com/blacklocus/jquery-impression.git
    jquery-pins git://github.com/josh-taylor/jquery-pins.git
    jquery-pjaxr git://github.com/minddust/jquery-pjaxr.git
    jquery-flot git://github.com/flot/flot.git
    ARC.jquery.corner git://github.com/Eleeleth/corner.git
    jquery-simple-color git://github.com/recurser/jquery-simple-color.git
    jqueryDatepickerForAngularjs git://github.com/SparrowJang/jquery-datepicker-for-angularjs.git
    jquery.simplePagination git://github.com/flaviusmatis/simplePagination.js.git
    jquery-object-fit git://github.com/steveworkman/jquery-object-fit
    jquery.indexeddb git://github.com/ameyms/jquery-indexeddb.git
    jquery-whenlive git://github.com/tkambler/whenLive.git
    jquery-mockjson git://github.com/mennovanslooten/mockJSON.git
    jquery.expandBox git://bitbucket.org:harobed/jquery.expandbox.git
    ed.jquery.toggler git://github.com/erskinedesign/ed.jquery.toggler.js.git
    jquery-lazyjaxdavis git://github.com/Takazudo/jQuery.LazyJaxDavis.git
    jquery-hoverlight git://github.com/sunliwen/jquery-hoverlight.git
    jqueryui-bem git://github.com/hunterman/jquery-ui-bem-block.git
    jquery.minimap git://github.com/goldenapples/jquery.minimap.git
    jquery.picplus git://github.com/matthewwithanm/jquery.picplus.git
    jquery.theSwitch.js git://github.com/lagden/theSwitch.git
    jquery.selection git://github.com/madapaja/jquery.selection.git
    jquery-xml2json git://github.com/sergeyt/jQuery-xml2json.git
    jquery.fixedcolumn git://github.com/dendril/jquery.fixedcolumn.git
    slugit-jquery git://github.com/diegok/slugit-jquery.git
    jquery-placeholderpatch git://github.com/alexrabarts/jquery-placeholderpatch.git
    jquery.term git://github.com/ameyms/jqterm.git
    jquery.recurrenceinput git://github.com/collective/jquery.recurrenceinput.js.git
    jquery-image-loader git://github.com/mrhenry/jquery-image-loader.git
    jquery.func git://github.com/Becojo/jquery.func.git
    jquery-notification git://github.com/ledere/jquery-notification.git
    jquery.bank git://github.com/gumroad/jquery.bank.git
    jquery-smartSearch git://github.com/Padam87/jquery-smartSearch.git
    twbs3.jquery.notification git://github.com/baslr/bower-twbs3.jquery.notification.git
    jquery-say git://github.com/jrf0110/jquery.say.git
    jquery-inputlimiter git://github.com/mythril/jquery-inputlimiter.git
    couchdb-login-jquery git://github.com/bangpound/couchdb-login-jquery.git
    jquery.theCover.js git://github.com/lagden/theCover.git
    jquery-cropbox git://github.com/acornejo/jquery-cropbox.git
    jquery-alakazam git://github.com/jasonhowmans/jquery-alakazam.git
    jquery.fill git://github.com/simonfan/jquery.fill.git
    jquery-innerfade git://github.com/danielditgens/innerfade.git
    jquery-diyslider git://github.com/pioul/jQuery.DIYSlider.git
    jquery-annotate git://github.com/jleonard/jquery-annotate.git
    jquery.arbitrary-anchor git://github.com/briangonzalez/jquery.arbitrary-anchor.js.git
    jquery-pre git://github.com/jtwalters/pre.git
    jquery-ui-boostrap git://github.com/addyosmani/jquery-ui-bootstrap.git
    jquery.os git://github.com/suprMax/jquery.os.git
    jquery.easie.js git://github.com/jaukia/easie.git
    jquery-list-search git://github.com/mrhenry/jquery-list-search.git
    jquery.tempura git://github.com/kjirou/jquery.tempura.git
    jquery-purr git://github.com/techieBrandon/jquery-purr.git
    jeresig/jquery.hotkeys git://github.com/jeresig/jquery.hotkeys
    jquery-stage git://github.com/rse/jquery-stage.git
    cometd-jquery git://github.com/cometd/cometd.git
    jquery-polypage git://github.com/andykent/polypage.git
    jquery-before-after git://github.com/bencorlett/jquery-before-after.git
    jquery-brokenimage git://github.com/alexrabarts/jquery-brokenimage.git
    jquery.sidenotes git://github.com/acdlite/jquery.sidenotes.git
    jquery-selector-set git://github.com/josh/jquery-selector-set.git
    jquery-breakup git://github.com/packettide/breakup.git
    jquery-svgstyle git://github.com/xvoland/jquery-plugin-svg-style.git
    addyosmani-jquery-ui-bootstrap git://github.com/addyosmani/jquery-ui-bootstrap.git
    jquery-mobile-requirejs git://github.com/totty90/jquery-mobile-requirejs.git
    jquery-scrollfollow git://github.com/jackncoke/jquery-scrollfollow.git
    genuine-jquery.gatrack git://bitbucket.org/genuine/jquery.gatrack.git
    jquery-pubsub git://github.com/KanbanSolutions/jquery-pubsub.git
    jqueryui-timedatepicker-i18n git://github.com/jimwilde/jqueryui-timedatepicker-i18n.git
    jquery-consultar-cep git://github.com/hewerthomn/jquery-consultar-cep.git
    jquery-commonjs git://github.com/chrisjbaik/jquery.git
    jquery.textareaAutoHeight git://github.com/joefiorini/textareaAutoHeight
    jquery.collide git://github.com/paxal78/jquery.collide.git
    jquery-freefocus git://github.com/Flamefork/freefocus.git
    jquery-restly git://github.com/fsauter/jquery-restly.git
    jquery.Chord git://github.com/rheone/jquery.Chord.git
    jquery-tips git://github.com/fouad/jquery-tips.git
    jquery-simulate-ext git://github.com/j-ulrich/jquery-simulate-ext.git
    jquery-mavis git://github.com/smallhadroncollider/mavis.git
    jquery-maskedinput git://github.com/digitalBush/jquery.maskedinput.git
    jquery.helix git://github.com/sideroad/jquery.helix.git
    jquery-trim-multiselect git://github.com/netoholic/jquery-trim-multiselect.git
    jquery.linky git://github.com/AnSavvides/jquery.linky.git
    jquery-freeze git://github.com/cbmi/jquery.freeze.git
    jquery-navigation-state git://github.com/mrhenry/jquery-navigation-state.git
    jquery-media git://github.com/oscarotero/jQuery.media.git
    shopify-jquery-currencies git://github.com/ajmalafif/currencies.git
    jquery-vgrid git://github.com/xlune/jQuery-vGrid-Plugin.git
    jquery-input-placeholder-text git://github.com/adamcoulombe/jquery-input-placeholder-text.git
    jquery-vimeothumb git://github.com/Ideame/jquery-vimeothumb.git
    jquery-pin git://github.com/webpop/jquery.pin.git
    jquery-viewloader git://github.com/techarch/jquery-viewloader.git
    jquery.gaet.js git://github.com/stephencarr/jQuery-GAET.git
    jquery-mininotification git://github.com/miniJs/miniNotification.git
    jquery.namegenerator git://github.com/gcusnieux/jquery.namegenerator.git
    jquery-overlaps git://github.com/brandonaaron/jquery-overlaps.git
    jquery-text-gradient git://github.com/Se7enSky/jquery-text-gradient.git
    jquery-externalize git://github.com/Dreamseer/jquery-externalize.git
    jquery-select-simple git://github.com/jiyinyiyong/jquery-select.git
    jquery-modalMsg git://github.com/makeros/jquery-modalMsg.git
    jquery-geocodify git://github.com/datadesk/jquery-geocodify.git
    textpattern-jquery-ui-theme git://github.com/textpattern/textpattern-jquery-ui-theme.git
    jquery-collider git://github.com/rootman/jquery-collider.git
    jquery-mobile-commonjs git://github.com/chrisjbaik/jquery-mobile.git
    jquery-snowfall git://github.com/loktar00/JQuery-Snowfall.git
    jquery.fileinput git://github.com/javanto/jquery-fileinput.git
    jquery-remove-backbone git://github.com/jridgewell/jquery-remove-backbone.git
    jquery-tslot git://github.com/undpaul/jquery-tslot.git
    jquery.smallipop git://github.com/Sebobo/jquery.smallipop.git
    vieron-jquery.transitions git://github.com/vieron/jquery.transitions.git
    jquery.clockwinder git://github.com/intridea/jquery.clockwinder.git
    happyr-jquery-simple-animate git://github.com/HappyR/jQuery-Simple-Animate-Plugin.git
    jquery.mobile.swipe git://github.com/philippbosch/jquery.mobile.swipe.git
    jquery-expander git://github.com/kswedberg/jquery-expander.git
    kladrapi-jquery git://github.com/garakh/kladrapi-jquery.git
    jquery-select-squares-simple git://github.com/jiyinyiyong/jquery-select-squares-simple.git
    jquery-translate3d git://github.com/flodev/jquery-translate3d.git
    jquery-commify git://github.com/christopherstyles/jquery-commify.git
    jquery.universal-analytics git://github.com/tomfuertes/jquery-universal-analytics.git
    jquery.countdown git://github.com/hilios/jQuery.countdown.git
    ed.jquery.plugin.template git://github.com/erskinedesign/ed.jquery.plugin.template.js.git
    jquery-custom-data-attributes git://github.com/mathiasbynens/jquery-custom-data-attributes.git
    jquery-glickr git://github.com/victorhqc/jquery-flickr.git
    jquery-flickr git://github.com/victorhqc/jquery-flickr.git
    dreamerslab-jquery.center git://github.com/dreamerslab/jquery.center.git
    jquery-smartFunnel git://github.com/Padam87/jquery-smartFunnel.git
    jquery-highlightRegex git://github.com/jbr/jQuery.highlightRegex.git
    jquery.safeharbor git://github.com/ndnhat/jquery-safeharbor.git
    jquery-classysocial git://github.com/classpm/jquery-classysocial.git
    jquery-transition-guarantee git://github.com/tuxracer/jquery-transition-guarantee.git
    pwf-jquery-compat git://github.com/just-paja/pwf-jquery-compat.git
    jquery.mb.audio git://github.com/pupunzi/jquery.mb.audio.git
    jquery-cssHooks git://github.com/brandonaaron/jquery-cssHooks.git
    jquery-postdatas-plugin git://github.com/mimiz/jquery-postdatas-plugin.git
    jquery-clockwinder git://github.com/intridea/jquery.clockwinder.git
    jquery-addTargetBlank-plugin git://github.com/mimiz/jquery-addTargetBlank-plugin.git
    jquery-anchoring git://github.com/SmallImprovements/anchoring.git
    jquery-smallipop git://github.com/Sebobo/jquery.smallipop.git
    jquery.wtfstockphotos git://github.com/pferdefleisch/jquery.wtfstockphotos
    jquery.fakeReplace git://github.com/akatov/jquery.fakeReplace.git
    jquery.active-interval git://github.com/jrf0110/active-interval.git
    jquery-github git://github.com/zenorocha/jquery-github.git
    jquery.tablecellNavigation git://github.com/romainbessugesmeusy/js-tablecell-navigation.git
